Using pre-set license
Built from '2020.3/staging' branch; Version is '2020.3.17f1 (a4537701e4ab) revision 10769271'; Using compiler version '192528614'; Build Type 'Release'
OS: 'Windows 10 Pro; OS build 19043.1415; Version 2009; 64bit' Language: 'ko' Physical Memory: 32655 MB
BatchMode: 1, IsHumanControllingUs: 0, StartBugReporterOnCrash: 0, Is64bit: 1, IsPro: 0

COMMAND LINE ARGUMENTS:
C:\Program Files\Unity\Hub\Editor\2020.3.17f1\Editor\Unity.exe
-adb2
-batchMode
-noUpm
-name
AssetImportWorker0
-projectPath
C:/Users/hwasu/unity/Inventory System Tutorial
-logFile
Logs/AssetImportWorker0.log
-srvPort
10007
Successfully changed project path to: C:/Users/hwasu/unity/Inventory System Tutorial
C:/Users/hwasu/unity/Inventory System Tutorial
Using Asset Import Pipeline V2.
Refreshing native plugins compatible for Editor in 25.08 ms, found 2 plugins.
Preloading 0 native plugins for Editor in 0.00 ms.
Initialize engine version: 2020.3.17f1 (a4537701e4ab)
[Subsystems] Discovering subsystems at path C:/Program Files/Unity/Hub/Editor/2020.3.17f1/Editor/Data/Resources/UnitySubsystems
[Subsystems] Discovering subsystems at path C:/Users/hwasu/unity/Inventory System Tutorial/Assets
GfxDevice: creating device client; threaded=0
Direct3D:
    Version:  Direct3D 11.0 [level 11.1]
    Renderer: NVIDIA GeForce RTX 3060 Ti (ID=0x2489)
    Vendor:   
    VRAM:     8050 MB
    Driver:   30.0.14.7212
Initialize mono
Mono path[0] = 'C:/Program Files/Unity/Hub/Editor/2020.3.17f1/Editor/Data/Managed'
Mono path[1] = 'C:/Program Files/Unity/Hub/Editor/2020.3.17f1/Editor/Data/MonoBleedingEdge/lib/mono/unityjit'
Mono config path = 'C:/Program Files/Unity/Hub/Editor/2020.3.17f1/Editor/Data/MonoBleedingEdge/etc'
Using monoOptions --debugger-agent=transport=dt_socket,embedding=1,server=y,suspend=n,address=127.0.0.1:56236
Begin MonoManager ReloadAssembly
Registering precompiled unity dll's ...
Register platform support module: C:/Program Files/Unity/Hub/Editor/2020.3.17f1/Editor/Data/PlaybackEngines/WindowsStandaloneSupport/UnityEditor.WindowsStandalone.Extensions.dll
Registered in 0.003498 seconds.
Native extension for WindowsStandalone target not found
Refreshing native plugins compatible for Editor in 25.46 ms, found 2 plugins.
Preloading 0 native plugins for Editor in 0.00 ms.
Mono: successfully reloaded assembly
- Completed reload, in  1.829 seconds
Domain Reload Profiling:
	ReloadAssembly (1830ms)
		BeginReloadAssembly (54ms)
			ExecutionOrderSort (0ms)
			DisableScriptedObjects (0ms)
			BackupInstance (0ms)
			ReleaseScriptingObjects (0ms)
			CreateAndSetChildDomain (1ms)
		EndReloadAssembly (329ms)
			LoadAssemblies (51ms)
			RebuildTransferFunctionScriptingTraits (0ms)
			SetupTypeCache (108ms)
			ReleaseScriptCaches (0ms)
			RebuildScriptCaches (29ms)
			SetupLoadedEditorAssemblies (127ms)
				LogAssemblyErrors (0ms)
				InitializePlatformSupportModulesInManaged (4ms)
				SetLoadedEditorAssemblies (0ms)
				RefreshPlugins (26ms)
				BeforeProcessingInitializeOnLoad (10ms)
				ProcessInitializeOnLoadAttributes (66ms)
				ProcessInitializeOnLoadMethodAttributes (22ms)
				AfterProcessingInitializeOnLoad (0ms)
				EditorAssembliesLoaded (0ms)
			ExecutionOrderSort2 (0ms)
			AwakeInstancesAfterBackupRestoration (0ms)
Platform modules already initialized, skipping
Registering precompiled user dll's ...
Registered in 0.005405 seconds.
Begin MonoManager ReloadAssembly
Native extension for WindowsStandalone target not found
Refreshing native plugins compatible for Editor in 0.33 ms, found 2 plugins.
Preloading 0 native plugins for Editor in 0.00 ms.
Mono: successfully reloaded assembly
- Completed reload, in  0.841 seconds
Domain Reload Profiling:
	ReloadAssembly (842ms)
		BeginReloadAssembly (108ms)
			ExecutionOrderSort (0ms)
			DisableScriptedObjects (3ms)
			BackupInstance (0ms)
			ReleaseScriptingObjects (0ms)
			CreateAndSetChildDomain (13ms)
		EndReloadAssembly (677ms)
			LoadAssemblies (78ms)
			RebuildTransferFunctionScriptingTraits (0ms)
			SetupTypeCache (221ms)
			ReleaseScriptCaches (0ms)
			RebuildScriptCaches (37ms)
			SetupLoadedEditorAssemblies (280ms)
				LogAssemblyErrors (0ms)
				InitializePlatformSupportModulesInManaged (4ms)
				SetLoadedEditorAssemblies (0ms)
				RefreshPlugins (0ms)
				BeforeProcessingInitializeOnLoad (74ms)
				ProcessInitializeOnLoadAttributes (190ms)
				ProcessInitializeOnLoadMethodAttributes (3ms)
				AfterProcessingInitializeOnLoad (8ms)
				EditorAssembliesLoaded (0ms)
			ExecutionOrderSort2 (0ms)
			AwakeInstancesAfterBackupRestoration (4ms)
Platform modules already initialized, skipping
========================================================================
Worker process is ready to serve import requests
Launched and connected shader compiler UnityShaderCompiler.exe after 0.04 seconds
Refreshing native plugins compatible for Editor in 0.54 ms, found 2 plugins.
Preloading 0 native plugins for Editor in 0.00 ms.
Unloading 1568 Unused Serialized files (Serialized files now loaded: 0)
System memory in use before: 85.0 MB.
System memory in use after: 85.1 MB.

Unloading 19 unused Assets to reduce memory usage. Loaded Objects now: 2022.
Total: 2.371500 ms (FindLiveObjects: 0.152900 ms CreateObjectMapping: 0.045200 ms MarkObjects: 2.116600 ms  DeleteObjects: 0.056100 ms)

AssetImportParameters requested are different than current active one (requested -> active):
  custom:framework-win-MediaFoundation: 216162199b28c13a410421893ffa2e32 -> 
  custom:video-decoder-ogg-theora: a1e56fd34408186e4bbccfd4996cb3dc -> 
  custom:container-muxer-webm: aa71ff27fc2769a1b78a27578f13a17b -> 
  custom:container-demuxer-webm: 4f35f7cbe854078d1ac9338744f61a02 -> 
  custom:container-demuxer-ogg: 62fdf1f143b41e24485cea50d1cbac27 -> 
  custom:video-encoder-webm-vp8: eb34c28f22e8b96e1ab97ce403110664 -> 
  custom:video-decoder-webm-vp8: 9c59270c3fd7afecdb556c50c9e8de78 -> 
  custom:audio-decoder-ogg-vorbis: bf7c407c2cedff20999df2af8eb42d56 -> 
  custom:audio-encoder-webm-vorbis: bf7c407c2cedff20999df2af8eb42d56 -> 
========================================================================
Received Import Request.
  path: Assets/Scripts/UI/ShowHideUI.cs
  artifactKey: Guid(f7b6a7fac6e2d604a8e529f6dddf65b1) Importer(815301076,1909f56bfc062723c751e8b465ee728b)
Start importing Assets/Scripts/UI/ShowHideUI.cs using Guid(f7b6a7fac6e2d604a8e529f6dddf65b1) Importer(815301076,1909f56bfc062723c751e8b465ee728b)  -> (artifact id: 'd3f4d60356e67267aaa5ec4ec33026d5') in 0.030333 seconds 
  Import took 0.032218 seconds .

========================================================================
Received Prepare
Registering precompiled user dll's ...
Registered in 0.005230 seconds.
Begin MonoManager ReloadAssembly
Native extension for WindowsStandalone target not found
Refreshing native plugins compatible for Editor in 0.32 ms, found 2 plugins.
Preloading 0 native plugins for Editor in 0.00 ms.
Mono: successfully reloaded assembly
- Completed reload, in  0.712 seconds
Domain Reload Profiling:
	ReloadAssembly (712ms)
		BeginReloadAssembly (104ms)
			ExecutionOrderSort (0ms)
			DisableScriptedObjects (3ms)
			BackupInstance (0ms)
			ReleaseScriptingObjects (0ms)
			CreateAndSetChildDomain (23ms)
		EndReloadAssembly (560ms)
			LoadAssemblies (73ms)
			RebuildTransferFunctionScriptingTraits (0ms)
			SetupTypeCache (165ms)
			ReleaseScriptCaches (1ms)
			RebuildScriptCaches (24ms)
			SetupLoadedEditorAssemblies (254ms)
				LogAssemblyErrors (0ms)
				InitializePlatformSupportModulesInManaged (4ms)
				SetLoadedEditorAssemblies (0ms)
				RefreshPlugins (0ms)
				BeforeProcessingInitializeOnLoad (64ms)
				ProcessInitializeOnLoadAttributes (174ms)
				ProcessInitializeOnLoadMethodAttributes (3ms)
				AfterProcessingInitializeOnLoad (8ms)
				EditorAssembliesLoaded (0ms)
			ExecutionOrderSort2 (0ms)
			AwakeInstancesAfterBackupRestoration (4ms)
Platform modules already initialized, skipping
Refreshing native plugins compatible for Editor in 0.32 ms, found 2 plugins.
Preloading 0 native plugins for Editor in 0.00 ms.
Unloading 1549 Unused Serialized files (Serialized files now loaded: 0)
System memory in use before: 83.6 MB.
System memory in use after: 83.7 MB.

Unloading 14 unused Assets to reduce memory usage. Loaded Objects now: 2024.
Total: 1.969000 ms (FindLiveObjects: 0.116600 ms CreateObjectMapping: 0.028200 ms MarkObjects: 1.813300 ms  DeleteObjects: 0.010300 ms)

AssetImportParameters requested are different than current active one (requested -> active):
  custom:framework-win-MediaFoundation: 216162199b28c13a410421893ffa2e32 -> 
  custom:video-decoder-ogg-theora: a1e56fd34408186e4bbccfd4996cb3dc -> 
  custom:container-muxer-webm: aa71ff27fc2769a1b78a27578f13a17b -> 
  custom:container-demuxer-webm: 4f35f7cbe854078d1ac9338744f61a02 -> 
  custom:container-demuxer-ogg: 62fdf1f143b41e24485cea50d1cbac27 -> 
  custom:video-encoder-webm-vp8: eb34c28f22e8b96e1ab97ce403110664 -> 
  custom:video-decoder-webm-vp8: 9c59270c3fd7afecdb556c50c9e8de78 -> 
  custom:audio-decoder-ogg-vorbis: bf7c407c2cedff20999df2af8eb42d56 -> 
  custom:audio-encoder-webm-vorbis: bf7c407c2cedff20999df2af8eb42d56 -> 
========================================================================
Received Prepare
Registering precompiled user dll's ...
Registered in 0.436190 seconds.
Begin MonoManager ReloadAssembly
Native extension for WindowsStandalone target not found
Refreshing native plugins compatible for Editor in 0.36 ms, found 2 plugins.
Preloading 0 native plugins for Editor in 0.00 ms.
Mono: successfully reloaded assembly
- Completed reload, in  3.601 seconds
Domain Reload Profiling:
	ReloadAssembly (3602ms)
		BeginReloadAssembly (1561ms)
			ExecutionOrderSort (0ms)
			DisableScriptedObjects (3ms)
			BackupInstance (0ms)
			ReleaseScriptingObjects (0ms)
			CreateAndSetChildDomain (21ms)
		EndReloadAssembly (1995ms)
			LoadAssemblies (2432ms)
			RebuildTransferFunctionScriptingTraits (0ms)
			SetupTypeCache (631ms)
			ReleaseScriptCaches (1ms)
			RebuildScriptCaches (24ms)
			SetupLoadedEditorAssemblies (328ms)
				LogAssemblyErrors (0ms)
				InitializePlatformSupportModulesInManaged (4ms)
				SetLoadedEditorAssemblies (0ms)
				RefreshPlugins (0ms)
				BeforeProcessingInitializeOnLoad (73ms)
				ProcessInitializeOnLoadAttributes (240ms)
				ProcessInitializeOnLoadMethodAttributes (3ms)
				AfterProcessingInitializeOnLoad (8ms)
				EditorAssembliesLoaded (0ms)
			ExecutionOrderSort2 (0ms)
			AwakeInstancesAfterBackupRestoration (4ms)
Platform modules already initialized, skipping
Refreshing native plugins compatible for Editor in 0.32 ms, found 2 plugins.
Preloading 0 native plugins for Editor in 0.00 ms.
Unloading 1549 Unused Serialized files (Serialized files now loaded: 0)
System memory in use before: 83.7 MB.
System memory in use after: 83.8 MB.

Unloading 14 unused Assets to reduce memory usage. Loaded Objects now: 2026.
Total: 2.244700 ms (FindLiveObjects: 0.101100 ms CreateObjectMapping: 0.033100 ms MarkObjects: 2.097600 ms  DeleteObjects: 0.012100 ms)

AssetImportParameters requested are different than current active one (requested -> active):
  custom:framework-win-MediaFoundation: 216162199b28c13a410421893ffa2e32 -> 
  custom:video-decoder-ogg-theora: a1e56fd34408186e4bbccfd4996cb3dc -> 
  custom:container-muxer-webm: aa71ff27fc2769a1b78a27578f13a17b -> 
  custom:container-demuxer-webm: 4f35f7cbe854078d1ac9338744f61a02 -> 
  custom:container-demuxer-ogg: 62fdf1f143b41e24485cea50d1cbac27 -> 
  custom:video-encoder-webm-vp8: eb34c28f22e8b96e1ab97ce403110664 -> 
  custom:video-decoder-webm-vp8: 9c59270c3fd7afecdb556c50c9e8de78 -> 
  custom:audio-decoder-ogg-vorbis: bf7c407c2cedff20999df2af8eb42d56 -> 
  custom:audio-encoder-webm-vorbis: bf7c407c2cedff20999df2af8eb42d56 -> 
========================================================================
Received Prepare
Registering precompiled user dll's ...
Registered in 0.004790 seconds.
Begin MonoManager ReloadAssembly
Native extension for WindowsStandalone target not found
Refreshing native plugins compatible for Editor in 0.34 ms, found 2 plugins.
Preloading 0 native plugins for Editor in 0.00 ms.
Mono: successfully reloaded assembly
- Completed reload, in  0.693 seconds
Domain Reload Profiling:
	ReloadAssembly (693ms)
		BeginReloadAssembly (98ms)
			ExecutionOrderSort (0ms)
			DisableScriptedObjects (3ms)
			BackupInstance (0ms)
			ReleaseScriptingObjects (0ms)
			CreateAndSetChildDomain (22ms)
		EndReloadAssembly (551ms)
			LoadAssemblies (72ms)
			RebuildTransferFunctionScriptingTraits (0ms)
			SetupTypeCache (156ms)
			ReleaseScriptCaches (1ms)
			RebuildScriptCaches (23ms)
			SetupLoadedEditorAssemblies (254ms)
				LogAssemblyErrors (0ms)
				InitializePlatformSupportModulesInManaged (3ms)
				SetLoadedEditorAssemblies (0ms)
				RefreshPlugins (0ms)
				BeforeProcessingInitializeOnLoad (65ms)
				ProcessInitializeOnLoadAttributes (172ms)
				ProcessInitializeOnLoadMethodAttributes (3ms)
				AfterProcessingInitializeOnLoad (9ms)
				EditorAssembliesLoaded (0ms)
			ExecutionOrderSort2 (0ms)
			AwakeInstancesAfterBackupRestoration (4ms)
Platform modules already initialized, skipping
Refreshing native plugins compatible for Editor in 0.32 ms, found 2 plugins.
Preloading 0 native plugins for Editor in 0.00 ms.
Unloading 1549 Unused Serialized files (Serialized files now loaded: 0)
System memory in use before: 83.7 MB.
System memory in use after: 83.8 MB.

Unloading 14 unused Assets to reduce memory usage. Loaded Objects now: 2028.
Total: 2.098700 ms (FindLiveObjects: 0.121600 ms CreateObjectMapping: 0.033100 ms MarkObjects: 1.932500 ms  DeleteObjects: 0.010800 ms)

AssetImportParameters requested are different than current active one (requested -> active):
  custom:framework-win-MediaFoundation: 216162199b28c13a410421893ffa2e32 -> 
  custom:video-decoder-ogg-theora: a1e56fd34408186e4bbccfd4996cb3dc -> 
  custom:container-muxer-webm: aa71ff27fc2769a1b78a27578f13a17b -> 
  custom:container-demuxer-webm: 4f35f7cbe854078d1ac9338744f61a02 -> 
  custom:container-demuxer-ogg: 62fdf1f143b41e24485cea50d1cbac27 -> 
  custom:video-encoder-webm-vp8: eb34c28f22e8b96e1ab97ce403110664 -> 
  custom:video-decoder-webm-vp8: 9c59270c3fd7afecdb556c50c9e8de78 -> 
  custom:audio-decoder-ogg-vorbis: bf7c407c2cedff20999df2af8eb42d56 -> 
  custom:audio-encoder-webm-vorbis: bf7c407c2cedff20999df2af8eb42d56 -> 
========================================================================
Received Import Request.
  Time since last request: 3921.413943 seconds.
  path: Assets/Asset Packs/Fantasy RPG UI/UI/Update 1.1/Armor_icon.png
  artifactKey: Guid(65d466afcff75fa428a0b237f81846d6) Importer(815301076,1909f56bfc062723c751e8b465ee728b)
Start importing Assets/Asset Packs/Fantasy RPG UI/UI/Update 1.1/Armor_icon.png using Guid(65d466afcff75fa428a0b237f81846d6) Importer(815301076,1909f56bfc062723c751e8b465ee728b)  -> (artifact id: '2de963256db0c86d2f4590cc4376c1d3') in 0.077553 seconds 
  Import took 0.080355 seconds .

========================================================================
Received Import Request.
  Time since last request: 0.000165 seconds.
  path: Assets/Asset Packs/Fantasy RPG UI/UI/Parts/FRAME_left-bot.png
  artifactKey: Guid(aecf7b06947a08845a483c11c8a98f73) Importer(815301076,1909f56bfc062723c751e8b465ee728b)
Start importing Assets/Asset Packs/Fantasy RPG UI/UI/Parts/FRAME_left-bot.png using Guid(aecf7b06947a08845a483c11c8a98f73) Importer(815301076,1909f56bfc062723c751e8b465ee728b)  -> (artifact id: '19d11c82f2ac3309b930034aee3f118c') in 0.016444 seconds 
  Import took 0.018330 seconds .

========================================================================
Received Import Request.
  Time since last request: 0.000164 seconds.
  path: Assets/Asset Packs/Fantasy RPG UI/UI/Parts/InventoryButton_shield.png
  artifactKey: Guid(f059877565627d540b227f396ad9e568) Importer(815301076,1909f56bfc062723c751e8b465ee728b)
Start importing Assets/Asset Packs/Fantasy RPG UI/UI/Parts/InventoryButton_shield.png using Guid(f059877565627d540b227f396ad9e568) Importer(815301076,1909f56bfc062723c751e8b465ee728b)  -> (artifact id: '0af82f55bac0467a51171773e48ea496') in 0.017642 seconds 
  Import took 0.019573 seconds .

========================================================================
Received Import Request.
  Time since last request: 0.000159 seconds.
  path: Assets/Asset Packs/Fantasy RPG UI/UI/Parts/InventoryButton_gloves.png
  artifactKey: Guid(88f4bdad502a13449abc596e59f840e1) Importer(815301076,1909f56bfc062723c751e8b465ee728b)
Start importing Assets/Asset Packs/Fantasy RPG UI/UI/Parts/InventoryButton_gloves.png using Guid(88f4bdad502a13449abc596e59f840e1) Importer(815301076,1909f56bfc062723c751e8b465ee728b)  -> (artifact id: '2c49a68d711b5af0ac8a2bf94f404777') in 0.015649 seconds 
  Import took 0.017391 seconds .

========================================================================
Received Import Request.
  Time since last request: 0.000160 seconds.
  path: Assets/Asset Packs/Fantasy RPG UI/UI/Update 1.1/ScrollingLine_Long_size.png
  artifactKey: Guid(60c5bf086c2c2bb47b102c308265ad89) Importer(815301076,1909f56bfc062723c751e8b465ee728b)
Start importing Assets/Asset Packs/Fantasy RPG UI/UI/Update 1.1/ScrollingLine_Long_size.png using Guid(60c5bf086c2c2bb47b102c308265ad89) Importer(815301076,1909f56bfc062723c751e8b465ee728b)  -> (artifact id: '587a597e3b3d4c62474fb23bb46846ff') in 0.014999 seconds 
  Import took 0.016766 seconds .

========================================================================
Received Import Request.
  Time since last request: 0.000170 seconds.
  path: Assets/Asset Packs/Fantasy RPG UI/UI/Parts/Background_02.png
  artifactKey: Guid(f6385dfc9df85b742babe9f080feb756) Importer(815301076,1909f56bfc062723c751e8b465ee728b)
Start importing Assets/Asset Packs/Fantasy RPG UI/UI/Parts/Background_02.png using Guid(f6385dfc9df85b742babe9f080feb756) Importer(815301076,1909f56bfc062723c751e8b465ee728b)  -> (artifact id: '8aabd8d70bae26abe239ff8100777eb0') in 0.016417 seconds 
  Import took 0.018234 seconds .

========================================================================
Received Import Request.
  Time since last request: 0.000164 seconds.
  path: Assets/Asset Packs/Fantasy RPG UI/UI/Parts/FRAME_right-top.png
  artifactKey: Guid(1617354d4f199c540b6a9b38e564d343) Importer(815301076,1909f56bfc062723c751e8b465ee728b)
Start importing Assets/Asset Packs/Fantasy RPG UI/UI/Parts/FRAME_right-top.png using Guid(1617354d4f199c540b6a9b38e564d343) Importer(815301076,1909f56bfc062723c751e8b465ee728b)  -> (artifact id: '38c20585b35fe065efff96f967f98b95') in 0.015104 seconds 
  Import took 0.016969 seconds .

========================================================================
Received Import Request.
  Time since last request: 0.000190 seconds.
  path: Assets/Asset Packs/Fantasy RPG UI/UI/Update 1.1/ScrollingBar_Long_size.png
  artifactKey: Guid(2e8f95352a721a54485a1d0a4f0b7d4c) Importer(815301076,1909f56bfc062723c751e8b465ee728b)
Start importing Assets/Asset Packs/Fantasy RPG UI/UI/Update 1.1/ScrollingBar_Long_size.png using Guid(2e8f95352a721a54485a1d0a4f0b7d4c) Importer(815301076,1909f56bfc062723c751e8b465ee728b)  -> (artifact id: '97d59b8da5043fe0a0b44030493ad048') in 0.016182 seconds 
  Import took 0.018157 seconds .

========================================================================
Received Import Request.
  Time since last request: 0.000185 seconds.
  path: Assets/Asset Packs/Universal Gold Icons/T_Boots_1_b_nobg.png
  artifactKey: Guid(53f59e0f1e337114a9de3d4cdfae9210) Importer(815301076,1909f56bfc062723c751e8b465ee728b)
Start importing Assets/Asset Packs/Universal Gold Icons/T_Boots_1_b_nobg.png using Guid(53f59e0f1e337114a9de3d4cdfae9210) Importer(815301076,1909f56bfc062723c751e8b465ee728b)  -> (artifact id: '147f08ae30290a1607c7b5228ac6af29') in 0.015712 seconds 
  Import took 0.017619 seconds .

========================================================================
Received Import Request.
  Time since last request: 0.000166 seconds.
  path: Assets/Asset Packs/Fantasy RPG UI/UI/Parts/Button_04.png
  artifactKey: Guid(373773b6623f4fb4c89ed91602df42dd) Importer(815301076,1909f56bfc062723c751e8b465ee728b)
Start importing Assets/Asset Packs/Fantasy RPG UI/UI/Parts/Button_04.png using Guid(373773b6623f4fb4c89ed91602df42dd) Importer(815301076,1909f56bfc062723c751e8b465ee728b)  -> (artifact id: '1aab9c10a18e911660a2cc392a147108') in 0.015473 seconds 
  Import took 0.017292 seconds .

========================================================================
Received Import Request.
  Time since last request: 0.000166 seconds.
  path: Assets/Asset Packs/Fantasy RPG UI/UI/Parts/FRAME_bot.png
  artifactKey: Guid(43ee3da49328ac649b7ac986a6c1c1de) Importer(815301076,1909f56bfc062723c751e8b465ee728b)
Start importing Assets/Asset Packs/Fantasy RPG UI/UI/Parts/FRAME_bot.png using Guid(43ee3da49328ac649b7ac986a6c1c1de) Importer(815301076,1909f56bfc062723c751e8b465ee728b)  -> (artifact id: 'ba12e6c5dedb897eb61f3e422ad0d87a') in 0.013946 seconds 
  Import took 0.015853 seconds .

========================================================================
Received Import Request.
  Time since last request: 0.000165 seconds.
  path: Assets/Asset Packs/Fantasy RPG UI/UI/Update 1.1/Intelligence_icon.png
  artifactKey: Guid(5732dc58816b91d4dbc488b1b3c8f08b) Importer(815301076,1909f56bfc062723c751e8b465ee728b)
Start importing Assets/Asset Packs/Fantasy RPG UI/UI/Update 1.1/Intelligence_icon.png using Guid(5732dc58816b91d4dbc488b1b3c8f08b) Importer(815301076,1909f56bfc062723c751e8b465ee728b)  -> (artifact id: 'bfdeeca984c59b49d307dd1b43fa826d') in 0.015679 seconds 
  Import took 0.017560 seconds .

========================================================================
Received Import Request.
  Time since last request: 0.000163 seconds.
  path: Assets/Asset Packs/Fantasy RPG UI/UI/Update 1.2/Button_10_On.png
  artifactKey: Guid(bc7147459da6e0944b077b8808cf1898) Importer(815301076,1909f56bfc062723c751e8b465ee728b)
Start importing Assets/Asset Packs/Fantasy RPG UI/UI/Update 1.2/Button_10_On.png using Guid(bc7147459da6e0944b077b8808cf1898) Importer(815301076,1909f56bfc062723c751e8b465ee728b)  -> (artifact id: 'c2c7df153a519d00162f0ad16b6c65e9') in 0.015827 seconds 
  Import took 0.017801 seconds .

========================================================================
Received Import Request.
  Time since last request: 0.000168 seconds.
  path: Assets/Asset Packs/Fantasy RPG UI/UI/Parts/InventoryButton_chest.png
  artifactKey: Guid(e1855ae875aa6424d81fb5c5c1d623a5) Importer(815301076,1909f56bfc062723c751e8b465ee728b)
Start importing Assets/Asset Packs/Fantasy RPG UI/UI/Parts/InventoryButton_chest.png using Guid(e1855ae875aa6424d81fb5c5c1d623a5) Importer(815301076,1909f56bfc062723c751e8b465ee728b)  -> (artifact id: 'b284be684d3a46e304b52a2c701eae52') in 0.016523 seconds 
  Import took 0.018325 seconds .

========================================================================
Received Import Request.
  Time since last request: 0.000163 seconds.
  path: Assets/Asset Packs/Fantasy RPG UI/UI/Update 1.1/Power_icon.png
  artifactKey: Guid(9415af11d73bb804c8d24343e1351132) Importer(815301076,1909f56bfc062723c751e8b465ee728b)
Start importing Assets/Asset Packs/Fantasy RPG UI/UI/Update 1.1/Power_icon.png using Guid(9415af11d73bb804c8d24343e1351132) Importer(815301076,1909f56bfc062723c751e8b465ee728b)  -> (artifact id: 'd944249c50aaaeb681dbaed93de65edb') in 0.014689 seconds 
  Import took 0.016569 seconds .

========================================================================
Received Import Request.
  Time since last request: 0.000159 seconds.
  path: Assets/Asset Packs/Fantasy RPG UI/UI/Parts/Background_06.png
  artifactKey: Guid(ff128f70cb401434da05bb746522f40d) Importer(815301076,1909f56bfc062723c751e8b465ee728b)
Start importing Assets/Asset Packs/Fantasy RPG UI/UI/Parts/Background_06.png using Guid(ff128f70cb401434da05bb746522f40d) Importer(815301076,1909f56bfc062723c751e8b465ee728b)  -> (artifact id: 'c32fea6ec4411437655c8536c9d3b87e') in 0.017663 seconds 
  Import took 0.019589 seconds .

========================================================================
Received Import Request.
  Time since last request: 0.000158 seconds.
  path: Assets/Asset Packs/Fantasy RPG UI/UI/Parts/Button_05.png
  artifactKey: Guid(83069f538d9e0604a8bed52715d594c0) Importer(815301076,1909f56bfc062723c751e8b465ee728b)
Start importing Assets/Asset Packs/Fantasy RPG UI/UI/Parts/Button_05.png using Guid(83069f538d9e0604a8bed52715d594c0) Importer(815301076,1909f56bfc062723c751e8b465ee728b)  -> (artifact id: '5740b38156e36d6a7dc2c497aaeb156a') in 0.013131 seconds 
  Import took 0.015008 seconds .

========================================================================
Received Import Request.
  Time since last request: 0.000205 seconds.
  path: Assets/Asset Packs/Fantasy RPG UI/UI/Update 1.1/Armor_icon.png
  artifactKey: Guid(65d466afcff75fa428a0b237f81846d6) Importer(815301076,1909f56bfc062723c751e8b465ee728b)
Start importing Assets/Asset Packs/Fantasy RPG UI/UI/Update 1.1/Armor_icon.png using Guid(65d466afcff75fa428a0b237f81846d6) Importer(815301076,1909f56bfc062723c751e8b465ee728b)  -> (artifact id: '2de963256db0c86d2f4590cc4376c1d3') in 0.010994 seconds 
  Import took 0.013119 seconds .

========================================================================
Received Import Request.
  Time since last request: 0.000175 seconds.
  path: Assets/Asset Packs/Fantasy RPG UI/UI/Update 1.2/Button_23_On.png
  artifactKey: Guid(43343cc13a117cc4880361e6ceb31566) Importer(815301076,1909f56bfc062723c751e8b465ee728b)
Start importing Assets/Asset Packs/Fantasy RPG UI/UI/Update 1.2/Button_23_On.png using Guid(43343cc13a117cc4880361e6ceb31566) Importer(815301076,1909f56bfc062723c751e8b465ee728b)  -> (artifact id: '7ce9946233fae8beecd88fc323a4083f') in 0.016299 seconds 
  Import took 0.018352 seconds .

========================================================================
Received Import Request.
  Time since last request: 0.000176 seconds.
  path: Assets/Asset Packs/Fantasy RPG UI/UI/Parts/Button_23.png
  artifactKey: Guid(45b131bd81d7d49439aef2159828393a) Importer(815301076,1909f56bfc062723c751e8b465ee728b)
Start importing Assets/Asset Packs/Fantasy RPG UI/UI/Parts/Button_23.png using Guid(45b131bd81d7d49439aef2159828393a) Importer(815301076,1909f56bfc062723c751e8b465ee728b)  -> (artifact id: '3b691b4363065d2e2217cf166486bcdd') in 0.016238 seconds 
  Import took 0.018253 seconds .

========================================================================
Received Import Request.
  Time since last request: 0.000163 seconds.
  path: Assets/Asset Packs/Fantasy RPG UI/UI/Parts/FRAME_left.png
  artifactKey: Guid(f8c06873fbe07fb44b5edcb3ce991be1) Importer(815301076,1909f56bfc062723c751e8b465ee728b)
Start importing Assets/Asset Packs/Fantasy RPG UI/UI/Parts/FRAME_left.png using Guid(f8c06873fbe07fb44b5edcb3ce991be1) Importer(815301076,1909f56bfc062723c751e8b465ee728b)  -> (artifact id: '8b345b07a86e6ba80b53bd9edd885da7') in 0.015277 seconds 
  Import took 0.017225 seconds .

========================================================================
Received Import Request.
  Time since last request: 0.000185 seconds.
  path: Assets/Asset Packs/Fantasy RPG UI/UI/Parts/InventoryButton_weapon.png
  artifactKey: Guid(344aa2512e791bb4693b61b07493b445) Importer(815301076,1909f56bfc062723c751e8b465ee728b)
Start importing Assets/Asset Packs/Fantasy RPG UI/UI/Parts/InventoryButton_weapon.png using Guid(344aa2512e791bb4693b61b07493b445) Importer(815301076,1909f56bfc062723c751e8b465ee728b)  -> (artifact id: '4108b3ab94491d083110bd635483db83') in 0.015822 seconds 
  Import took 0.017698 seconds .

========================================================================
Received Import Request.
  Time since last request: 0.000160 seconds.
  path: Assets/Asset Packs/Fantasy RPG UI/UI/Parts/FRAME_right-bot.png
  artifactKey: Guid(b8df0dbac0428da459f90e9850cf44b4) Importer(815301076,1909f56bfc062723c751e8b465ee728b)
Start importing Assets/Asset Packs/Fantasy RPG UI/UI/Parts/FRAME_right-bot.png using Guid(b8df0dbac0428da459f90e9850cf44b4) Importer(815301076,1909f56bfc062723c751e8b465ee728b)  -> (artifact id: '426f88538bba08005253647f16499b21') in 0.015226 seconds 
  Import took 0.017220 seconds .

========================================================================
Received Import Request.
  Time since last request: 0.000168 seconds.
  path: Assets/Asset Packs/Universal Gold Icons/Potion_01(Purple)_No BG.png
  artifactKey: Guid(f1dd815974b2d4240a6bc912d6585497) Importer(815301076,1909f56bfc062723c751e8b465ee728b)
Start importing Assets/Asset Packs/Universal Gold Icons/Potion_01(Purple)_No BG.png using Guid(f1dd815974b2d4240a6bc912d6585497) Importer(815301076,1909f56bfc062723c751e8b465ee728b)  -> (artifact id: '417584bd4fc8540bab9e24145c6418d0') in 0.016549 seconds 
  Import took 0.018689 seconds .

========================================================================
Received Import Request.
  Time since last request: 0.000163 seconds.
  path: Assets/Asset Packs/Fantasy RPG UI/UI/Parts/InventoryButton_neck.png
  artifactKey: Guid(a2460e188fc1efb418ac53fa2715c6e7) Importer(815301076,1909f56bfc062723c751e8b465ee728b)
Start importing Assets/Asset Packs/Fantasy RPG UI/UI/Parts/InventoryButton_neck.png using Guid(a2460e188fc1efb418ac53fa2715c6e7) Importer(815301076,1909f56bfc062723c751e8b465ee728b)  -> (artifact id: '090372fafd0fd19269c278fc84855629') in 0.015623 seconds 
  Import took 0.017469 seconds .

========================================================================
Received Import Request.
  Time since last request: 0.000176 seconds.
  path: Assets/Asset Packs/Fantasy RPG UI/UI/Parts/InventoryButton_boots.png
  artifactKey: Guid(cfa037d9ad8881747b6188967698d6ca) Importer(815301076,1909f56bfc062723c751e8b465ee728b)
Start importing Assets/Asset Packs/Fantasy RPG UI/UI/Parts/InventoryButton_boots.png using Guid(cfa037d9ad8881747b6188967698d6ca) Importer(815301076,1909f56bfc062723c751e8b465ee728b)  -> (artifact id: '2028727cd11e5c21c1c7d135642c1d8c') in 0.016694 seconds 
  Import took 0.018525 seconds .

========================================================================
Received Import Request.
  Time since last request: 0.000158 seconds.
  path: Assets/Asset Packs/Fantasy RPG UI/UI/Parts/FRAME_right.png
  artifactKey: Guid(bfc47da5ded1ffa4c9743736e7968b5f) Importer(815301076,1909f56bfc062723c751e8b465ee728b)
Start importing Assets/Asset Packs/Fantasy RPG UI/UI/Parts/FRAME_right.png using Guid(bfc47da5ded1ffa4c9743736e7968b5f) Importer(815301076,1909f56bfc062723c751e8b465ee728b)  -> (artifact id: '62b2a4b4aae7d5a77540bfe821fd46d4') in 0.015297 seconds 
  Import took 0.017277 seconds .

========================================================================
Received Import Request.
  Time since last request: 0.000174 seconds.
  path: Assets/Asset Packs/Universal Gold Icons/T_Chest_04_Nobg.png
  artifactKey: Guid(7bcee3dac4c974d43b329ee45aef4c99) Importer(815301076,1909f56bfc062723c751e8b465ee728b)
Start importing Assets/Asset Packs/Universal Gold Icons/T_Chest_04_Nobg.png using Guid(7bcee3dac4c974d43b329ee45aef4c99) Importer(815301076,1909f56bfc062723c751e8b465ee728b)  -> (artifact id: 'b5334b0db6d7be21a04c8291d56191ed') in 0.017835 seconds 
  Import took 0.019713 seconds .

========================================================================
Received Import Request.
  Time since last request: 0.000169 seconds.
  path: Assets/Asset Packs/Fantasy RPG UI/UI/Parts/Button_11.png
  artifactKey: Guid(5ddf9f0620390bf4db1980ca2abb5df4) Importer(815301076,1909f56bfc062723c751e8b465ee728b)
Start importing Assets/Asset Packs/Fantasy RPG UI/UI/Parts/Button_11.png using Guid(5ddf9f0620390bf4db1980ca2abb5df4) Importer(815301076,1909f56bfc062723c751e8b465ee728b)  -> (artifact id: 'bad68c25aec78751864c80738f1547c7') in 0.016733 seconds 
  Import took 0.018773 seconds .

========================================================================
Received Import Request.
  Time since last request: 0.000170 seconds.
  path: Assets/Asset Packs/Fantasy RPG UI/UI/Update 1.1/Button_Desk_short.png
  artifactKey: Guid(d25911b539c43cf41887fb876f6f4d71) Importer(815301076,1909f56bfc062723c751e8b465ee728b)
Start importing Assets/Asset Packs/Fantasy RPG UI/UI/Update 1.1/Button_Desk_short.png using Guid(d25911b539c43cf41887fb876f6f4d71) Importer(815301076,1909f56bfc062723c751e8b465ee728b)  -> (artifact id: '39faec6c9057c854f98f18e699a3619a') in 0.016715 seconds 
  Import took 0.018514 seconds .

========================================================================
Received Import Request.
  Time since last request: 0.000166 seconds.
  path: Assets/Asset Packs/Fantasy RPG UI/UI/Parts/FRAME_top.png
  artifactKey: Guid(5e4901665d74ae04b8716a7fd72b79eb) Importer(815301076,1909f56bfc062723c751e8b465ee728b)
Start importing Assets/Asset Packs/Fantasy RPG UI/UI/Parts/FRAME_top.png using Guid(5e4901665d74ae04b8716a7fd72b79eb) Importer(815301076,1909f56bfc062723c751e8b465ee728b)  -> (artifact id: '41ae603ec733ed264ab64ab1135e5f2a') in 0.015069 seconds 
  Import took 0.017060 seconds .

========================================================================
Received Import Request.
  Time since last request: 0.000178 seconds.
  path: Assets/Asset Packs/Fantasy RPG UI/UI/Parts/InventoryButton_pants.png
  artifactKey: Guid(ee69c6bad6679564ca603179e243f448) Importer(815301076,1909f56bfc062723c751e8b465ee728b)
Start importing Assets/Asset Packs/Fantasy RPG UI/UI/Parts/InventoryButton_pants.png using Guid(ee69c6bad6679564ca603179e243f448) Importer(815301076,1909f56bfc062723c751e8b465ee728b)  -> (artifact id: 'f1c5f2d96089ebc5aa00e497d06af023') in 0.016745 seconds 
  Import took 0.018502 seconds .

========================================================================
Received Import Request.
  Time since last request: 0.000202 seconds.
  path: Assets/Asset Packs/Universal Gold Icons/Potion_01(Red)_No BG.png
  artifactKey: Guid(aba0f700d91d4fc4fa8c724899ab04ab) Importer(815301076,1909f56bfc062723c751e8b465ee728b)
Start importing Assets/Asset Packs/Universal Gold Icons/Potion_01(Red)_No BG.png using Guid(aba0f700d91d4fc4fa8c724899ab04ab) Importer(815301076,1909f56bfc062723c751e8b465ee728b)  -> (artifact id: '8a4670b13e192788a2bbe6feb9394d4c') in 0.016898 seconds 
  Import took 0.018610 seconds .

========================================================================
Received Import Request.
  Time since last request: 0.000169 seconds.
  path: Assets/Asset Packs/Fantasy RPG UI/UI/Parts/Background_01.png
  artifactKey: Guid(8e77f4013dc06ac47bf24565426fccdc) Importer(815301076,1909f56bfc062723c751e8b465ee728b)
Start importing Assets/Asset Packs/Fantasy RPG UI/UI/Parts/Background_01.png using Guid(8e77f4013dc06ac47bf24565426fccdc) Importer(815301076,1909f56bfc062723c751e8b465ee728b)  -> (artifact id: 'bbe1278b658367f869146ffa53e7aa3f') in 0.018257 seconds 
  Import took 0.020083 seconds .

========================================================================
Received Import Request.
  Time since last request: 0.000162 seconds.
  path: Assets/Asset Packs/Fantasy RPG UI/UI/Parts/InventoryButton_helm.png
  artifactKey: Guid(4c438a3604a96dd4d8990cc11b424f42) Importer(815301076,1909f56bfc062723c751e8b465ee728b)
Start importing Assets/Asset Packs/Fantasy RPG UI/UI/Parts/InventoryButton_helm.png using Guid(4c438a3604a96dd4d8990cc11b424f42) Importer(815301076,1909f56bfc062723c751e8b465ee728b)  -> (artifact id: 'c372641d24609923cfd4d49e7db1e488') in 0.015548 seconds 
  Import took 0.017334 seconds .

========================================================================
Received Import Request.
  Time since last request: 0.000159 seconds.
  path: Assets/Asset Packs/Fantasy RPG UI/UI/Update 1.2/Menu_button_02_Little_On.png
  artifactKey: Guid(cd8c12672dc367b48b437acbfee50ed9) Importer(815301076,1909f56bfc062723c751e8b465ee728b)
Start importing Assets/Asset Packs/Fantasy RPG UI/UI/Update 1.2/Menu_button_02_Little_On.png using Guid(cd8c12672dc367b48b437acbfee50ed9) Importer(815301076,1909f56bfc062723c751e8b465ee728b)  -> (artifact id: '3342612d31fe25c19cf24205dfddb30f') in 0.015256 seconds 
  Import took 0.017043 seconds .

========================================================================
Received Import Request.
  Time since last request: 0.000168 seconds.
  path: Assets/Asset Packs/Fantasy RPG UI/UI/Parts/FRAME_left-top.png
  artifactKey: Guid(2f64cca59b0b8ec4783635f53e9bbb9a) Importer(815301076,1909f56bfc062723c751e8b465ee728b)
Start importing Assets/Asset Packs/Fantasy RPG UI/UI/Parts/FRAME_left-top.png using Guid(2f64cca59b0b8ec4783635f53e9bbb9a) Importer(815301076,1909f56bfc062723c751e8b465ee728b)  -> (artifact id: 'dadf4d8a632e7d82ff3f08b47db3576f') in 0.015664 seconds 
  Import took 0.018274 seconds .

========================================================================
Received Prepare
Registering precompiled user dll's ...
Registered in 0.005133 seconds.
Begin MonoManager ReloadAssembly
Native extension for WindowsStandalone target not found
Refreshing native plugins compatible for Editor in 0.33 ms, found 2 plugins.
Preloading 0 native plugins for Editor in 0.00 ms.
Mono: successfully reloaded assembly
- Completed reload, in  0.716 seconds
Domain Reload Profiling:
	ReloadAssembly (716ms)
		BeginReloadAssembly (103ms)
			ExecutionOrderSort (0ms)
			DisableScriptedObjects (4ms)
			BackupInstance (0ms)
			ReleaseScriptingObjects (0ms)
			CreateAndSetChildDomain (22ms)
		EndReloadAssembly (565ms)
			LoadAssemblies (80ms)
			RebuildTransferFunctionScriptingTraits (0ms)
			SetupTypeCache (162ms)
			ReleaseScriptCaches (1ms)
			RebuildScriptCaches (24ms)
			SetupLoadedEditorAssemblies (253ms)
				LogAssemblyErrors (0ms)
				InitializePlatformSupportModulesInManaged (3ms)
				SetLoadedEditorAssemblies (0ms)
				RefreshPlugins (0ms)
				BeforeProcessingInitializeOnLoad (65ms)
				ProcessInitializeOnLoadAttributes (172ms)
				ProcessInitializeOnLoadMethodAttributes (3ms)
				AfterProcessingInitializeOnLoad (9ms)
				EditorAssembliesLoaded (0ms)
			ExecutionOrderSort2 (0ms)
			AwakeInstancesAfterBackupRestoration (4ms)
Platform modules already initialized, skipping
Refreshing native plugins compatible for Editor in 0.32 ms, found 2 plugins.
Preloading 0 native plugins for Editor in 0.00 ms.
Unloading 1583 Unused Serialized files (Serialized files now loaded: 0)
System memory in use before: 87.9 MB.
System memory in use after: 88.0 MB.

Unloading 14 unused Assets to reduce memory usage. Loaded Objects now: 2076.
Total: 2.103000 ms (FindLiveObjects: 0.104000 ms CreateObjectMapping: 0.034800 ms MarkObjects: 1.951400 ms  DeleteObjects: 0.012100 ms)

AssetImportParameters requested are different than current active one (requested -> active):
  custom:framework-win-MediaFoundation: 216162199b28c13a410421893ffa2e32 -> 
  custom:video-decoder-ogg-theora: a1e56fd34408186e4bbccfd4996cb3dc -> 
  custom:container-muxer-webm: aa71ff27fc2769a1b78a27578f13a17b -> 
  custom:container-demuxer-webm: 4f35f7cbe854078d1ac9338744f61a02 -> 
  custom:container-demuxer-ogg: 62fdf1f143b41e24485cea50d1cbac27 -> 
  custom:video-encoder-webm-vp8: eb34c28f22e8b96e1ab97ce403110664 -> 
  custom:video-decoder-webm-vp8: 9c59270c3fd7afecdb556c50c9e8de78 -> 
  custom:audio-decoder-ogg-vorbis: bf7c407c2cedff20999df2af8eb42d56 -> 
  custom:audio-encoder-webm-vorbis: bf7c407c2cedff20999df2af8eb42d56 -> 
========================================================================
Received Prepare
Registering precompiled user dll's ...
Registered in 0.004902 seconds.
Begin MonoManager ReloadAssembly
Native extension for WindowsStandalone target not found
Refreshing native plugins compatible for Editor in 0.33 ms, found 2 plugins.
Preloading 0 native plugins for Editor in 0.00 ms.
Mono: successfully reloaded assembly
- Completed reload, in  0.687 seconds
Domain Reload Profiling:
	ReloadAssembly (687ms)
		BeginReloadAssembly (89ms)
			ExecutionOrderSort (0ms)
			DisableScriptedObjects (3ms)
			BackupInstance (0ms)
			ReleaseScriptingObjects (0ms)
			CreateAndSetChildDomain (22ms)
		EndReloadAssembly (551ms)
			LoadAssemblies (73ms)
			RebuildTransferFunctionScriptingTraits (0ms)
			SetupTypeCache (155ms)
			ReleaseScriptCaches (1ms)
			RebuildScriptCaches (23ms)
			SetupLoadedEditorAssemblies (256ms)
				LogAssemblyErrors (0ms)
				InitializePlatformSupportModulesInManaged (4ms)
				SetLoadedEditorAssemblies (0ms)
				RefreshPlugins (0ms)
				BeforeProcessingInitializeOnLoad (66ms)
				ProcessInitializeOnLoadAttributes (176ms)
				ProcessInitializeOnLoadMethodAttributes (3ms)
				AfterProcessingInitializeOnLoad (8ms)
				EditorAssembliesLoaded (0ms)
			ExecutionOrderSort2 (0ms)
			AwakeInstancesAfterBackupRestoration (4ms)
Platform modules already initialized, skipping
Refreshing native plugins compatible for Editor in 0.32 ms, found 2 plugins.
Preloading 0 native plugins for Editor in 0.00 ms.
Unloading 1583 Unused Serialized files (Serialized files now loaded: 0)
System memory in use before: 87.9 MB.
System memory in use after: 88.0 MB.

Unloading 14 unused Assets to reduce memory usage. Loaded Objects now: 2078.
Total: 2.202900 ms (FindLiveObjects: 0.121500 ms CreateObjectMapping: 0.035300 ms MarkObjects: 2.032700 ms  DeleteObjects: 0.012900 ms)

AssetImportParameters requested are different than current active one (requested -> active):
  custom:framework-win-MediaFoundation: 216162199b28c13a410421893ffa2e32 -> 
  custom:video-decoder-ogg-theora: a1e56fd34408186e4bbccfd4996cb3dc -> 
  custom:container-muxer-webm: aa71ff27fc2769a1b78a27578f13a17b -> 
  custom:container-demuxer-webm: 4f35f7cbe854078d1ac9338744f61a02 -> 
  custom:container-demuxer-ogg: 62fdf1f143b41e24485cea50d1cbac27 -> 
  custom:video-encoder-webm-vp8: eb34c28f22e8b96e1ab97ce403110664 -> 
  custom:video-decoder-webm-vp8: 9c59270c3fd7afecdb556c50c9e8de78 -> 
  custom:audio-decoder-ogg-vorbis: bf7c407c2cedff20999df2af8eb42d56 -> 
  custom:audio-encoder-webm-vorbis: bf7c407c2cedff20999df2af8eb42d56 -> 
========================================================================
Received Import Request.
  Time since last request: 1116.023752 seconds.
  path: Assets/Asset Packs/Universal Gold Icons/T_Dagger_01_Nobg.png
  artifactKey: Guid(d19901b0ee3c38743a7d383bd484b0b5) Importer(815301076,1909f56bfc062723c751e8b465ee728b)
Start importing Assets/Asset Packs/Universal Gold Icons/T_Dagger_01_Nobg.png using Guid(d19901b0ee3c38743a7d383bd484b0b5) Importer(815301076,1909f56bfc062723c751e8b465ee728b)  -> (artifact id: '5f3c88c52f602c3b7c11ba3caae0079d') in 0.046854 seconds 
  Import took 0.049075 seconds .

========================================================================
Received Import Request.
  Time since last request: 0.000159 seconds.
  path: Assets/Asset Packs/Universal Gold Icons/T_Head_01_Nobg.png
  artifactKey: Guid(7a704c5f161380f438bfabaf93560dc3) Importer(815301076,1909f56bfc062723c751e8b465ee728b)
Start importing Assets/Asset Packs/Universal Gold Icons/T_Head_01_Nobg.png using Guid(7a704c5f161380f438bfabaf93560dc3) Importer(815301076,1909f56bfc062723c751e8b465ee728b)  -> (artifact id: '2508324377a048fc82638eb30088b472') in 0.015999 seconds 
  Import took 0.017884 seconds .

========================================================================
Received Import Request.
  Time since last request: 0.000156 seconds.
  path: Assets/Asset Packs/Universal Gold Icons/T_Shield_01_Nobg.png
  artifactKey: Guid(886ffb608498aa04c9c0913d5ac3c394) Importer(815301076,1909f56bfc062723c751e8b465ee728b)
Start importing Assets/Asset Packs/Universal Gold Icons/T_Shield_01_Nobg.png using Guid(886ffb608498aa04c9c0913d5ac3c394) Importer(815301076,1909f56bfc062723c751e8b465ee728b)  -> (artifact id: 'b87e50e6b7e45f94dfdf3febc8e2a120') in 0.017106 seconds 
  Import took 0.019198 seconds .

========================================================================
Received Import Request.
  Time since last request: 0.000163 seconds.
  path: Assets/Asset Packs/Universal Gold Icons/T_Hammer_01_Nobg.png
  artifactKey: Guid(ec22508be0cdfba4abbaeb770bef08aa) Importer(815301076,1909f56bfc062723c751e8b465ee728b)
Start importing Assets/Asset Packs/Universal Gold Icons/T_Hammer_01_Nobg.png using Guid(ec22508be0cdfba4abbaeb770bef08aa) Importer(815301076,1909f56bfc062723c751e8b465ee728b)  -> (artifact id: 'c66514b32324a86eb7a1a1b5caf50b2c') in 0.016453 seconds 
  Import took 0.018426 seconds .

========================================================================
Received Import Request.
  Time since last request: 0.000159 seconds.
  path: Assets/Asset Packs/Universal Gold Icons/T_Head_08_Nobg.png
  artifactKey: Guid(c1b61b3a91732a747a8496fc75a13fe2) Importer(815301076,1909f56bfc062723c751e8b465ee728b)
Start importing Assets/Asset Packs/Universal Gold Icons/T_Head_08_Nobg.png using Guid(c1b61b3a91732a747a8496fc75a13fe2) Importer(815301076,1909f56bfc062723c751e8b465ee728b)  -> (artifact id: '51c7ae43679246f9fa53e9fd2915a513') in 0.017137 seconds 
  Import took 0.019061 seconds .

========================================================================
Received Import Request.
  Time since last request: 0.000204 seconds.
  path: Assets/Asset Packs/Universal Gold Icons/T_Dagger_01_Nobg.png
  artifactKey: Guid(d19901b0ee3c38743a7d383bd484b0b5) Importer(815301076,1909f56bfc062723c751e8b465ee728b)
Start importing Assets/Asset Packs/Universal Gold Icons/T_Dagger_01_Nobg.png using Guid(d19901b0ee3c38743a7d383bd484b0b5) Importer(815301076,1909f56bfc062723c751e8b465ee728b)  -> (artifact id: '5f3c88c52f602c3b7c11ba3caae0079d') in 0.011172 seconds 
  Import took 0.013138 seconds .

========================================================================
Received Import Request.
  Time since last request: 0.000188 seconds.
  path: Assets/Asset Packs/Universal Gold Icons/T_Gloves_02_Nobg.png
  artifactKey: Guid(f8078c2bb5ee88d4a9472f76e501e0f3) Importer(815301076,1909f56bfc062723c751e8b465ee728b)
Start importing Assets/Asset Packs/Universal Gold Icons/T_Gloves_02_Nobg.png using Guid(f8078c2bb5ee88d4a9472f76e501e0f3) Importer(815301076,1909f56bfc062723c751e8b465ee728b)  -> (artifact id: 'bf8719718ddd34aa5ed46708a4d12b93') in 0.016382 seconds 
  Import took 0.018485 seconds .

========================================================================
Received Import Request.
  Time since last request: 0.000158 seconds.
  path: Assets/Asset Packs/Universal Gold Icons/T_Pants_Nobg.png
  artifactKey: Guid(4e75d1909c6fd8844a31ebef4c5e3972) Importer(815301076,1909f56bfc062723c751e8b465ee728b)
Start importing Assets/Asset Packs/Universal Gold Icons/T_Pants_Nobg.png using Guid(4e75d1909c6fd8844a31ebef4c5e3972) Importer(815301076,1909f56bfc062723c751e8b465ee728b)  -> (artifact id: '64818e3a0e1d74bdd4027a40bb85b12c') in 0.016810 seconds 
  Import took 0.018725 seconds .

========================================================================
Received Import Request.
  Time since last request: 0.000161 seconds.
  path: Assets/Asset Packs/Universal Gold Icons/T_scroll_NOBG.png
  artifactKey: Guid(a1ec2c0ddc0da634b85f0f465fec2d0d) Importer(815301076,1909f56bfc062723c751e8b465ee728b)
Start importing Assets/Asset Packs/Universal Gold Icons/T_scroll_NOBG.png using Guid(a1ec2c0ddc0da634b85f0f465fec2d0d) Importer(815301076,1909f56bfc062723c751e8b465ee728b)  -> (artifact id: '7d2e43d1c77fd80e61384ee8d6df68d3') in 0.016761 seconds 
  Import took 0.018722 seconds .

========================================================================
Received Prepare
Registering precompiled user dll's ...
Registered in 0.007356 seconds.
Begin MonoManager ReloadAssembly
Native extension for WindowsStandalone target not found
Refreshing native plugins compatible for Editor in 0.33 ms, found 2 plugins.
Preloading 0 native plugins for Editor in 0.00 ms.
Mono: successfully reloaded assembly
- Completed reload, in  0.700 seconds
Domain Reload Profiling:
	ReloadAssembly (700ms)
		BeginReloadAssembly (103ms)
			ExecutionOrderSort (0ms)
			DisableScriptedObjects (3ms)
			BackupInstance (0ms)
			ReleaseScriptingObjects (0ms)
			CreateAndSetChildDomain (22ms)
		EndReloadAssembly (550ms)
			LoadAssemblies (75ms)
			RebuildTransferFunctionScriptingTraits (0ms)
			SetupTypeCache (157ms)
			ReleaseScriptCaches (1ms)
			RebuildScriptCaches (23ms)
			SetupLoadedEditorAssemblies (252ms)
				LogAssemblyErrors (0ms)
				InitializePlatformSupportModulesInManaged (3ms)
				SetLoadedEditorAssemblies (0ms)
				RefreshPlugins (0ms)
				BeforeProcessingInitializeOnLoad (66ms)
				ProcessInitializeOnLoadAttributes (171ms)
				ProcessInitializeOnLoadMethodAttributes (3ms)
				AfterProcessingInitializeOnLoad (8ms)
				EditorAssembliesLoaded (0ms)
			ExecutionOrderSort2 (0ms)
			AwakeInstancesAfterBackupRestoration (4ms)
Platform modules already initialized, skipping
Refreshing native plugins compatible for Editor in 0.32 ms, found 2 plugins.
Preloading 0 native plugins for Editor in 0.00 ms.
Unloading 1583 Unused Serialized files (Serialized files now loaded: 0)
System memory in use before: 87.9 MB.
System memory in use after: 88.0 MB.

Unloading 14 unused Assets to reduce memory usage. Loaded Objects now: 2081.
Total: 1.997900 ms (FindLiveObjects: 0.103100 ms CreateObjectMapping: 0.029600 ms MarkObjects: 1.853300 ms  DeleteObjects: 0.011300 ms)

AssetImportParameters requested are different than current active one (requested -> active):
  custom:framework-win-MediaFoundation: 216162199b28c13a410421893ffa2e32 -> 
  custom:video-decoder-ogg-theora: a1e56fd34408186e4bbccfd4996cb3dc -> 
  custom:container-muxer-webm: aa71ff27fc2769a1b78a27578f13a17b -> 
  custom:container-demuxer-webm: 4f35f7cbe854078d1ac9338744f61a02 -> 
  custom:container-demuxer-ogg: 62fdf1f143b41e24485cea50d1cbac27 -> 
  custom:video-encoder-webm-vp8: eb34c28f22e8b96e1ab97ce403110664 -> 
  custom:video-decoder-webm-vp8: 9c59270c3fd7afecdb556c50c9e8de78 -> 
  custom:audio-decoder-ogg-vorbis: bf7c407c2cedff20999df2af8eb42d56 -> 
  custom:audio-encoder-webm-vorbis: bf7c407c2cedff20999df2af8eb42d56 -> 
========================================================================
Received Prepare
Registering precompiled user dll's ...
Registered in 0.004789 seconds.
Begin MonoManager ReloadAssembly
Native extension for WindowsStandalone target not found
Refreshing native plugins compatible for Editor in 0.35 ms, found 2 plugins.
Preloading 0 native plugins for Editor in 0.00 ms.
Mono: successfully reloaded assembly
- Completed reload, in  0.688 seconds
Domain Reload Profiling:
	ReloadAssembly (688ms)
		BeginReloadAssembly (91ms)
			ExecutionOrderSort (0ms)
			DisableScriptedObjects (3ms)
			BackupInstance (0ms)
			ReleaseScriptingObjects (0ms)
			CreateAndSetChildDomain (20ms)
		EndReloadAssembly (552ms)
			LoadAssemblies (72ms)
			RebuildTransferFunctionScriptingTraits (0ms)
			SetupTypeCache (157ms)
			ReleaseScriptCaches (1ms)
			RebuildScriptCaches (23ms)
			SetupLoadedEditorAssemblies (254ms)
				LogAssemblyErrors (0ms)
				InitializePlatformSupportModulesInManaged (4ms)
				SetLoadedEditorAssemblies (0ms)
				RefreshPlugins (0ms)
				BeforeProcessingInitializeOnLoad (64ms)
				ProcessInitializeOnLoadAttributes (175ms)
				ProcessInitializeOnLoadMethodAttributes (3ms)
				AfterProcessingInitializeOnLoad (8ms)
				EditorAssembliesLoaded (0ms)
			ExecutionOrderSort2 (0ms)
			AwakeInstancesAfterBackupRestoration (4ms)
Platform modules already initialized, skipping
Refreshing native plugins compatible for Editor in 0.32 ms, found 2 plugins.
Preloading 0 native plugins for Editor in 0.00 ms.
Unloading 1583 Unused Serialized files (Serialized files now loaded: 0)
System memory in use before: 87.9 MB.
System memory in use after: 88.0 MB.

Unloading 14 unused Assets to reduce memory usage. Loaded Objects now: 2083.
Total: 2.408400 ms (FindLiveObjects: 0.124900 ms CreateObjectMapping: 0.038300 ms MarkObjects: 2.230000 ms  DeleteObjects: 0.014400 ms)

AssetImportParameters requested are different than current active one (requested -> active):
  custom:framework-win-MediaFoundation: 216162199b28c13a410421893ffa2e32 -> 
  custom:video-decoder-ogg-theora: a1e56fd34408186e4bbccfd4996cb3dc -> 
  custom:container-muxer-webm: aa71ff27fc2769a1b78a27578f13a17b -> 
  custom:container-demuxer-webm: 4f35f7cbe854078d1ac9338744f61a02 -> 
  custom:container-demuxer-ogg: 62fdf1f143b41e24485cea50d1cbac27 -> 
  custom:video-encoder-webm-vp8: eb34c28f22e8b96e1ab97ce403110664 -> 
  custom:video-decoder-webm-vp8: 9c59270c3fd7afecdb556c50c9e8de78 -> 
  custom:audio-decoder-ogg-vorbis: bf7c407c2cedff20999df2af8eb42d56 -> 
  custom:audio-encoder-webm-vorbis: bf7c407c2cedff20999df2af8eb42d56 -> 
========================================================================
Received Prepare
Registering precompiled user dll's ...
Registered in 0.004895 seconds.
Begin MonoManager ReloadAssembly
Native extension for WindowsStandalone target not found
Refreshing native plugins compatible for Editor in 0.35 ms, found 2 plugins.
Preloading 0 native plugins for Editor in 0.00 ms.
Mono: successfully reloaded assembly
- Completed reload, in  0.701 seconds
Domain Reload Profiling:
	ReloadAssembly (701ms)
		BeginReloadAssembly (99ms)
			ExecutionOrderSort (0ms)
			DisableScriptedObjects (3ms)
			BackupInstance (0ms)
			ReleaseScriptingObjects (0ms)
			CreateAndSetChildDomain (21ms)
		EndReloadAssembly (557ms)
			LoadAssemblies (72ms)
			RebuildTransferFunctionScriptingTraits (0ms)
			SetupTypeCache (158ms)
			ReleaseScriptCaches (1ms)
			RebuildScriptCaches (25ms)
			SetupLoadedEditorAssemblies (256ms)
				LogAssemblyErrors (0ms)
				InitializePlatformSupportModulesInManaged (4ms)
				SetLoadedEditorAssemblies (0ms)
				RefreshPlugins (0ms)
				BeforeProcessingInitializeOnLoad (68ms)
				ProcessInitializeOnLoadAttributes (173ms)
				ProcessInitializeOnLoadMethodAttributes (3ms)
				AfterProcessingInitializeOnLoad (8ms)
				EditorAssembliesLoaded (0ms)
			ExecutionOrderSort2 (0ms)
			AwakeInstancesAfterBackupRestoration (4ms)
Platform modules already initialized, skipping
Refreshing native plugins compatible for Editor in 0.32 ms, found 2 plugins.
Preloading 0 native plugins for Editor in 0.00 ms.
Unloading 1583 Unused Serialized files (Serialized files now loaded: 0)
System memory in use before: 87.9 MB.
System memory in use after: 88.0 MB.

Unloading 14 unused Assets to reduce memory usage. Loaded Objects now: 2085.
Total: 2.101000 ms (FindLiveObjects: 0.124100 ms CreateObjectMapping: 0.034300 ms MarkObjects: 1.928900 ms  DeleteObjects: 0.012700 ms)

AssetImportParameters requested are different than current active one (requested -> active):
  custom:framework-win-MediaFoundation: 216162199b28c13a410421893ffa2e32 -> 
  custom:video-decoder-ogg-theora: a1e56fd34408186e4bbccfd4996cb3dc -> 
  custom:container-muxer-webm: aa71ff27fc2769a1b78a27578f13a17b -> 
  custom:container-demuxer-webm: 4f35f7cbe854078d1ac9338744f61a02 -> 
  custom:container-demuxer-ogg: 62fdf1f143b41e24485cea50d1cbac27 -> 
  custom:video-encoder-webm-vp8: eb34c28f22e8b96e1ab97ce403110664 -> 
  custom:video-decoder-webm-vp8: 9c59270c3fd7afecdb556c50c9e8de78 -> 
  custom:audio-decoder-ogg-vorbis: bf7c407c2cedff20999df2af8eb42d56 -> 
  custom:audio-encoder-webm-vorbis: bf7c407c2cedff20999df2af8eb42d56 -> 
========================================================================
Received Prepare
Registering precompiled user dll's ...
Registered in 0.005022 seconds.
Begin MonoManager ReloadAssembly
Native extension for WindowsStandalone target not found
Refreshing native plugins compatible for Editor in 0.33 ms, found 2 plugins.
Preloading 0 native plugins for Editor in 0.00 ms.
Mono: successfully reloaded assembly
- Completed reload, in  0.683 seconds
Domain Reload Profiling:
	ReloadAssembly (683ms)
		BeginReloadAssembly (88ms)
			ExecutionOrderSort (0ms)
			DisableScriptedObjects (3ms)
			BackupInstance (0ms)
			ReleaseScriptingObjects (0ms)
			CreateAndSetChildDomain (21ms)
		EndReloadAssembly (550ms)
			LoadAssemblies (73ms)
			RebuildTransferFunctionScriptingTraits (0ms)
			SetupTypeCache (157ms)
			ReleaseScriptCaches (1ms)
			RebuildScriptCaches (24ms)
			SetupLoadedEditorAssemblies (249ms)
				LogAssemblyErrors (0ms)
				InitializePlatformSupportModulesInManaged (4ms)
				SetLoadedEditorAssemblies (0ms)
				RefreshPlugins (0ms)
				BeforeProcessingInitializeOnLoad (64ms)
				ProcessInitializeOnLoadAttributes (171ms)
				ProcessInitializeOnLoadMethodAttributes (3ms)
				AfterProcessingInitializeOnLoad (8ms)
				EditorAssembliesLoaded (0ms)
			ExecutionOrderSort2 (0ms)
			AwakeInstancesAfterBackupRestoration (4ms)
Platform modules already initialized, skipping
Refreshing native plugins compatible for Editor in 0.33 ms, found 2 plugins.
Preloading 0 native plugins for Editor in 0.00 ms.
Unloading 1583 Unused Serialized files (Serialized files now loaded: 0)
System memory in use before: 87.9 MB.
System memory in use after: 88.0 MB.

Unloading 14 unused Assets to reduce memory usage. Loaded Objects now: 2087.
Total: 1.971000 ms (FindLiveObjects: 0.102200 ms CreateObjectMapping: 0.028700 ms MarkObjects: 1.828600 ms  DeleteObjects: 0.011000 ms)

AssetImportParameters requested are different than current active one (requested -> active):
  custom:framework-win-MediaFoundation: 216162199b28c13a410421893ffa2e32 -> 
  custom:video-decoder-ogg-theora: a1e56fd34408186e4bbccfd4996cb3dc -> 
  custom:container-muxer-webm: aa71ff27fc2769a1b78a27578f13a17b -> 
  custom:container-demuxer-webm: 4f35f7cbe854078d1ac9338744f61a02 -> 
  custom:container-demuxer-ogg: 62fdf1f143b41e24485cea50d1cbac27 -> 
  custom:video-encoder-webm-vp8: eb34c28f22e8b96e1ab97ce403110664 -> 
  custom:video-decoder-webm-vp8: 9c59270c3fd7afecdb556c50c9e8de78 -> 
  custom:audio-decoder-ogg-vorbis: bf7c407c2cedff20999df2af8eb42d56 -> 
  custom:audio-encoder-webm-vorbis: bf7c407c2cedff20999df2af8eb42d56 -> 
========================================================================
Received Prepare
Registering precompiled user dll's ...
Registered in 0.004917 seconds.
Begin MonoManager ReloadAssembly
Native extension for WindowsStandalone target not found
Refreshing native plugins compatible for Editor in 0.52 ms, found 2 plugins.
Preloading 0 native plugins for Editor in 0.00 ms.
Mono: successfully reloaded assembly
- Completed reload, in  0.699 seconds
Domain Reload Profiling:
	ReloadAssembly (699ms)
		BeginReloadAssembly (100ms)
			ExecutionOrderSort (0ms)
			DisableScriptedObjects (3ms)
			BackupInstance (0ms)
			ReleaseScriptingObjects (0ms)
			CreateAndSetChildDomain (20ms)
		EndReloadAssembly (554ms)
			LoadAssemblies (72ms)
			RebuildTransferFunctionScriptingTraits (0ms)
			SetupTypeCache (158ms)
			ReleaseScriptCaches (1ms)
			RebuildScriptCaches (25ms)
			SetupLoadedEditorAssemblies (255ms)
				LogAssemblyErrors (0ms)
				InitializePlatformSupportModulesInManaged (4ms)
				SetLoadedEditorAssemblies (0ms)
				RefreshPlugins (1ms)
				BeforeProcessingInitializeOnLoad (65ms)
				ProcessInitializeOnLoadAttributes (174ms)
				ProcessInitializeOnLoadMethodAttributes (3ms)
				AfterProcessingInitializeOnLoad (8ms)
				EditorAssembliesLoaded (0ms)
			ExecutionOrderSort2 (0ms)
			AwakeInstancesAfterBackupRestoration (4ms)
Platform modules already initialized, skipping
Refreshing native plugins compatible for Editor in 0.31 ms, found 2 plugins.
Preloading 0 native plugins for Editor in 0.00 ms.
Unloading 1583 Unused Serialized files (Serialized files now loaded: 0)
System memory in use before: 87.9 MB.
System memory in use after: 88.0 MB.

Unloading 14 unused Assets to reduce memory usage. Loaded Objects now: 2089.
Total: 2.146100 ms (FindLiveObjects: 0.116400 ms CreateObjectMapping: 0.032400 ms MarkObjects: 1.985500 ms  DeleteObjects: 0.011300 ms)

AssetImportParameters requested are different than current active one (requested -> active):
  custom:framework-win-MediaFoundation: 216162199b28c13a410421893ffa2e32 -> 
  custom:video-decoder-ogg-theora: a1e56fd34408186e4bbccfd4996cb3dc -> 
  custom:container-muxer-webm: aa71ff27fc2769a1b78a27578f13a17b -> 
  custom:container-demuxer-webm: 4f35f7cbe854078d1ac9338744f61a02 -> 
  custom:container-demuxer-ogg: 62fdf1f143b41e24485cea50d1cbac27 -> 
  custom:video-encoder-webm-vp8: eb34c28f22e8b96e1ab97ce403110664 -> 
  custom:video-decoder-webm-vp8: 9c59270c3fd7afecdb556c50c9e8de78 -> 
  custom:audio-decoder-ogg-vorbis: bf7c407c2cedff20999df2af8eb42d56 -> 
  custom:audio-encoder-webm-vorbis: bf7c407c2cedff20999df2af8eb42d56 -> 
========================================================================
Received Prepare
Registering precompiled user dll's ...
Registered in 0.004812 seconds.
Begin MonoManager ReloadAssembly
Native extension for WindowsStandalone target not found
Refreshing native plugins compatible for Editor in 0.33 ms, found 2 plugins.
Preloading 0 native plugins for Editor in 0.00 ms.
Mono: successfully reloaded assembly
- Completed reload, in  0.689 seconds
Domain Reload Profiling:
	ReloadAssembly (690ms)
		BeginReloadAssembly (98ms)
			ExecutionOrderSort (0ms)
			DisableScriptedObjects (3ms)
			BackupInstance (0ms)
			ReleaseScriptingObjects (0ms)
			CreateAndSetChildDomain (20ms)
		EndReloadAssembly (544ms)
			LoadAssemblies (72ms)
			RebuildTransferFunctionScriptingTraits (0ms)
			SetupTypeCache (156ms)
			ReleaseScriptCaches (1ms)
			RebuildScriptCaches (24ms)
			SetupLoadedEditorAssemblies (249ms)
				LogAssemblyErrors (0ms)
				InitializePlatformSupportModulesInManaged (3ms)
				SetLoadedEditorAssemblies (0ms)
				RefreshPlugins (0ms)
				BeforeProcessingInitializeOnLoad (64ms)
				ProcessInitializeOnLoadAttributes (170ms)
				ProcessInitializeOnLoadMethodAttributes (3ms)
				AfterProcessingInitializeOnLoad (8ms)
				EditorAssembliesLoaded (0ms)
			ExecutionOrderSort2 (0ms)
			AwakeInstancesAfterBackupRestoration (4ms)
Platform modules already initialized, skipping
Refreshing native plugins compatible for Editor in 0.34 ms, found 2 plugins.
Preloading 0 native plugins for Editor in 0.00 ms.
Unloading 1583 Unused Serialized files (Serialized files now loaded: 0)
System memory in use before: 87.9 MB.
System memory in use after: 88.0 MB.

Unloading 14 unused Assets to reduce memory usage. Loaded Objects now: 2091.
Total: 2.144300 ms (FindLiveObjects: 0.102900 ms CreateObjectMapping: 0.036500 ms MarkObjects: 1.992500 ms  DeleteObjects: 0.011600 ms)

AssetImportParameters requested are different than current active one (requested -> active):
  custom:framework-win-MediaFoundation: 216162199b28c13a410421893ffa2e32 -> 
  custom:video-decoder-ogg-theora: a1e56fd34408186e4bbccfd4996cb3dc -> 
  custom:container-muxer-webm: aa71ff27fc2769a1b78a27578f13a17b -> 
  custom:container-demuxer-webm: 4f35f7cbe854078d1ac9338744f61a02 -> 
  custom:container-demuxer-ogg: 62fdf1f143b41e24485cea50d1cbac27 -> 
  custom:video-encoder-webm-vp8: eb34c28f22e8b96e1ab97ce403110664 -> 
  custom:video-decoder-webm-vp8: 9c59270c3fd7afecdb556c50c9e8de78 -> 
  custom:audio-decoder-ogg-vorbis: bf7c407c2cedff20999df2af8eb42d56 -> 
  custom:audio-encoder-webm-vorbis: bf7c407c2cedff20999df2af8eb42d56 -> 
